============================= test session starts =============================
platform win32 -- Python 3.13.7, pytest-9.0.0, pluggy-1.6.0 -- C:\Program Files\Python313\python.exe
cachedir: .pytest_cache
rootdir: C:\Users\Lenovo\CascadeProjects\msrn\report
configfile: pytest.ini
collecting ... collected 91 items / 29 errors

<Dir report>
  <Package orders>
    <Package tests>
      <Module test_analytics_api.py>
        <Function test_get_analytics_data_success>
        <Function test_get_analytics_data_error>
          Force une exception interne pour couvrir la branche d'erreur (500).
      <Module test_compensation_letter_report.py>
        <Class TestCompensationLetterReport>
          Tests pour le module compensation_letter_report.py
          <Function test_fmt_date_with_datetime>
            Test le formatage des dates avec objet datetime
          <Function test_fmt_date_with_string>
            Test le formatage des dates avec cha\xeene de caract\xe8res
          <Function test_fmt_date_with_none>
            Test le formatage avec valeur None
          <Function test_fmt_date_with_invalid_string>
            Test le formatage avec chaţne invalide
          <Function test_fmt_amount_with_decimal>
            Test le formatage des montants avec Decimal
          <Function test_fmt_amount_with_integer>
            Test le formatage des montants avec entier
          <Function test_fmt_amount_with_float>
            Test le formatage des montants avec float
          <Function test_fmt_amount_with_none>
            Test le formatage avec valeur None
          <Function test_fmt_amount_with_string>
            Test le formatage avec cha\xeene de caract\xe8res
          <Function test_fmt_amount_without_currency>
            Test le formatage sans devise
          <Function test_generate_compensation_letter_success>
            Test la gÚnÚration rÚussie de la lettre de compensation
          <Function test_generate_compensation_letter_with_logo>
            Test la gÚnÚration avec logo
          <Function test_generate_compensation_letter_minimal_context>
            Test avec un contexte minimal
          <Function test_modern_blue_color>
            Test la couleur MODERN_BLUE
      <Module test_data_extractors.py>
        <Class TestDataExtractors>
          Tests pour les fonctions d'extraction de donnÚes des lignes
          <Function test_get_price_from_ligne_with_price_key>
            Test l'extraction du prix avec diffÚrentes clÚs
          <Function test_get_price_from_ligne_with_comma_decimal>
            Test l'extraction du prix avec virgule comme sÚparateur dÚcimal
          <Function test_get_price_from_ligne_not_found>
            Test quand le prix n'est pas trouvÚ
          <Function test_get_price_from_ligne_invalid_value>
            Test avec valeur de prix invalide
          <Function test_get_price_from_ligne_none_ligne>
            Test avec ligne None
          <Function test_get_price_from_ligne_empty_contenu>
            Test avec contenu vide
          <Function test_get_supplier_from_ligne>
            Test l'extraction du fournisseur
          <Function test_get_supplier_from_ligne_not_found>
            Test quand le fournisseur n'est pas trouvÚ
          <Function test_get_ordered_date_from_ligne>
            Test l'extraction de la date de commande
          <Function test_get_ordered_date_from_ligne_with_date_key>
            Test avec d'autres clÚs de date
          <Function test_get_project_number_from_ligne>
            Test l'extraction du numÚro de projet
          <Function test_get_task_number_from_ligne>
            Test l'extraction du numÚro de tÔche
          <Function test_get_order_description_from_ligne>
            Test l'extraction de la description de commande
          <Function test_get_order_description_excludes_line_description>
            Test que la description de ligne est exclue
          <Function test_get_schedule_from_ligne>
            Test l'extraction du schedule
          <Function test_get_line_from_ligne>
            Test l'extraction du numÚro de ligne
          <Function test_get_line_excludes_line_description>
            Test que Line Description est exclu
          <Function test_calculate_quantity_payable_valid>
            Test le calcul de la quantitÚ payable avec donnÚes valides
          <Function test_calculate_quantity_payable_with_comma_decimal>
            Test le calcul avec virgule comme sÚparateur dÚcimal
          <Function test_calculate_quantity_payable_no_quantity>
            Test le calcul sans quantitÚ livrÚe
          <Function test_calculate_quantity_payable_no_price>
            Test le calcul sans prix
          <Function test_calculate_quantity_payable_invalid_price>
            Test le calcul avec prix invalide
          <Function test_calculate_quantity_payable_none_ligne>
            Test le calcul avec ligne None
      <Module test_delay_evaluation_report.py>
        <Class TestDelayEvaluationReport>
          Tests pour la gÚnÚration du PDF d'Úvaluation des dÚlais
          <Function test_fmt_date>
            Test le formatage des dates
          <Function test_fmt_date_none>
            Test le formatage avec date None
          <Function test_fmt_amount>
            Test le formatage des montants
          <Function test_fmt_amount_no_currency>
            Test le formatage sans devise
          <Function test_fmt_amount_none>
            Test le formatage avec montant None
          <Function test_fmt_amount_integer>
            Test le formatage avec entier
          <Function test_fmt_amount_string>
            Test le formatage avec chaţne
          <Function test_generate_delay_evaluation_report>
            Test la g\xe9n\xe9ration compl\xe8te du PDF
          <Function test_generate_delay_evaluation_report_minimal_context>
            Test avec contexte minimal
          <Function test_generate_delay_evaluation_report_with_logo>
            Test avec logo
      <Module test_penalty_amendment_report.py>
        <Function test_generate_penalty_amendment_report_smoke>
      <Module test_utils.py>
        <UnitTestCase TestUtils>
          Similar to TransactionTestCase, but use `transaction.atomic()` to achieve
          test isolation.
          
          In most situations, TestCase should be preferred to TransactionTestCase as
          it allows faster execution. However, there are some situations where using
          TransactionTestCase might be necessary (e.g. testing some transactional
          behavior).
          
          On database backends with no transaction support, TestCase behaves as
          TransactionTestCase.
          <TestCaseFunction test_extraire_depuis_fichier_relatif_csv>
            Test l'extraction depuis un fichier CSV
          <TestCaseFunction test_lire_csv>
            Test la lecture de fichiers CSV
          <TestCaseFunction test_lire_excel>
            Test la lecture de fichiers Excel
          <TestCaseFunction test_lire_json>
            Test la lecture de fichiers JSON
          <TestCaseFunction test_lire_txt>
            Test la lecture de fichiers texte
        <UnitTestCase TestExtraireDepuisFichierErrors>
          Tests de gestion d'erreurs pour extraire_depuis_fichier_relatif
          <TestCaseFunction test_fichier_corrompu_excel>
            Test avec un fichier Excel corrompu
          <TestCaseFunction test_fichier_inexistant>
            Test avec un fichier inexistant
          <TestCaseFunction test_fichier_vide>
            Test avec un fichier vide
          <TestCaseFunction test_format_non_supporte>
            Test avec un format de fichier non supportÚ
        <UnitTestCase TestLectureFichiersErrors>
          Tests de gestion d'erreurs pour les fonctions de lecture
          <TestCaseFunction test_csv_malformed>
            Test lecture CSV mal formÚ
          <TestCaseFunction test_excel_with_multiple_sheets>
            Test lecture Excel avec plusieurs feuilles
          <TestCaseFunction test_json_invalid_syntax>
            Test lecture JSON avec syntaxe invalide
          <TestCaseFunction test_txt_with_encoding_issues>
            Test lecture TXT avec probl\xe8mes d'encodage
        <UnitTestCase TestGenerateReportNumber>
          Tests pour la fonction generate_report_number
          <TestCaseFunction test_generate_report_number_format>
            Test le format du numÚro de rapport gÚnÚrÚ
          <TestCaseFunction test_generate_report_number_sequential>
            Test que les numÚros sont gÚnÚrÚs
          <TestCaseFunction test_generate_report_number_unique>
            Test que les numÚros gÚnÚrÚs sont uniques
        <UnitTestCase TestUtilsEdgeCases>
          Tests de cas limites pour les utilitaires
          <TestCaseFunction test_lire_csv_with_bom>
            Test lecture CSV avec BOM UTF-8
          <TestCaseFunction test_lire_excel_with_formulas>
            Test lecture Excel avec formules
          <TestCaseFunction test_lire_txt_with_special_chars>
            Test lecture TXT avec caract\xe8res sp\xe9ciaux
        <UnitTestCase TestUtilsAdditionalCoverage>
          Tests additionnels pour couvrir des branches spÚcifiques dans utils.py
          <TestCaseFunction test_extraire_engine_dispatch_and_cleanup>
            VÚrifie l'utilisation des bons moteurs et la suppression du temporaire
          <TestCaseFunction test_lire_excel_bool_columns_converted_to_str>
            Colonnes boolÚennes doivent devenir des chaţnes
          <TestCaseFunction test_lire_json_list_normalized>
            JSON liste doit \xeatre lu et compter correctement (normalisation)
        <UnitTestCase TestUtilsErrorHandling>
          Test gestion des erreurs dans les utilitaires
          <TestCaseFunction test_extraire_depuis_fichier_extension_manquante>
            Test avec extension manquante
          <TestCaseFunction test_extraire_fichier_inexistant>
            Test avec fichier inexistant
          <TestCaseFunction test_extraire_fichier_nettoyage_temporaire>
            Test nettoyage fichier temporaire en cas d'erreur
          <TestCaseFunction test_extraire_fichier_non_supporte>
            Test avec extension non supportÚe
          <TestCaseFunction test_generate_report_number_format>
            Test formatage numÚro de rapport
          <TestCaseFunction test_generate_report_number_uniqueness>
            Test unicitÚ des numÚros de rapport
          <TestCaseFunction test_lire_csv_erreur_parsing>
            Test lecture CSV avec erreur de parsing
          <TestCaseFunction test_lire_csv_with_encoding>
            Test lecture CSV avec diffÚrents encodages
          <TestCaseFunction test_lire_excel_fichier_corrompu>
            Test lecture Excel avec fichier corrompu
          <TestCaseFunction test_lire_excel_with_empty_rows>
            Test lecture Excel avec lignes vides
          <TestCaseFunction test_lire_json_invalide>
            Test lecture JSON invalide
        <UnitTestCase TestImportUtils>
          Test le module import_utils
          <TestCaseFunction test_import_file_optimized_csv>
            Test import fichier CSV optimisÚ
          <TestCaseFunction test_import_file_optimized_xlsx>
            Test import fichier Excel optimisÚ
          <TestCaseFunction test_import_file_s3_storage>
            Test import avec stockage S3 distant
          <TestCaseFunction test_process_chunk_basic>
            Test traitement basique d'un chunk
          <TestCaseFunction test_process_chunk_cpu_extraction>
            Test extraction CPU depuis les donnÚes
          <TestCaseFunction test_process_chunk_existing_ligne>
            Test traitement chunk avec ligne existante
          <TestCaseFunction test_process_chunk_invalid_quantities>
            Test traitement avec quantitÚs invalides
          <TestCaseFunction test_process_chunk_no_order_number>
            Test traitement sans numÚro de commande

=================================== ERRORS ====================================
__________ ERROR collecting orders/management/commands/test_email.py __________
orders\management\commands\test_email.py:6: in <module>
    from orders.emails import send_test_email
orders\emails.py:23: in <module>
    User = get_user_model()
           ^^^^^^^^^^^^^^^^
..\..\..\AppData\Roaming\Python\Python313\site-packages\django\contrib\auth\__init__.py:283: in get_user_model
    return django_apps.get_model(settings.AUTH_USER_MODEL, require_ready=False)
                                 ^^^^^^^^^^^^^^^^^^^^^^^^
..\..\..\AppData\Roaming\Python\Python313\site-packages\django\conf\__init__.py:81: in __getattr__
    self._setup(name)
..\..\..\AppData\Roaming\Python\Python313\site-packages\django\conf\__init__.py:61: in _setup
    raise ImproperlyConfigured(
E   django.core.exceptions.ImproperlyConfigured: Requested setting AUTH_USER_MODEL, but settings are not configured. You must either define the environment variable DJANGO_SETTINGS_MODULE or call settings.configure() before accessing settings.
_____________ ERROR collecting orders/tests/test_activity_api.py ______________
orders\tests\test_activity_api.py:11: in <module>
    from orders.models import FichierImporte, ActivityLog, NumeroBonCommande, Reception, LigneFichier
orders\models.py:21: in <module>
    class CompensationLetterLog(models.Model):
..\..\..\AppData\Roaming\Python\Python313\site-packages\django\db\models\base.py:131: in __new__
    app_config = apps.get_containing_app_config(module)
                 ^^^^^^^^^^^^^^^^^^^^^^^^^^^^^^^^^^^^^^
..\..\..\AppData\Roaming\Python\Python313\site-packages\django\apps\registry.py:260: in get_containing_app_config
    self.check_apps_ready()
..\..\..\AppData\Roaming\Python\Python313\site-packages\django\apps\registry.py:137: in check_apps_ready
    settings.INSTALLED_APPS
..\..\..\AppData\Roaming\Python\Python313\site-packages\django\conf\__init__.py:81: in __getattr__
    self._setup(name)
..\..\..\AppData\Roaming\Python\Python313\site-packages\django\conf\__init__.py:61: in _setup
    raise ImproperlyConfigured(
E   django.core.exceptions.ImproperlyConfigured: Requested setting INSTALLED_APPS, but settings are not configured. You must either define the environment variable DJANGO_SETTINGS_MODULE or call settings.configure() before accessing settings.
_________________ ERROR collecting orders/tests/test_admin.py _________________
orders\tests\test_admin.py:7: in <module>
    from orders.admin import FichierImporteAdmin, MSRNReportAdmin
orders\admin.py:21: in <module>
    from .models import FichierImporte, MSRNReport, NumeroBonCommande, LigneFichier, MSRNSignatureTracking
orders\models.py:21: in <module>
    class CompensationLetterLog(models.Model):
..\..\..\AppData\Roaming\Python\Python313\site-packages\django\db\models\base.py:131: in __new__
    app_config = apps.get_containing_app_config(module)
                 ^^^^^^^^^^^^^^^^^^^^^^^^^^^^^^^^^^^^^^
..\..\..\AppData\Roaming\Python\Python313\site-packages\django\apps\registry.py:260: in get_containing_app_config
    self.check_apps_ready()
..\..\..\AppData\Roaming\Python\Python313\site-packages\django\apps\registry.py:137: in check_apps_ready
    settings.INSTALLED_APPS
..\..\..\AppData\Roaming\Python\Python313\site-packages\django\conf\__init__.py:81: in __getattr__
    self._setup(name)
..\..\..\AppData\Roaming\Python\Python313\site-packages\django\conf\__init__.py:61: in _setup
    raise ImproperlyConfigured(
E   django.core.exceptions.ImproperlyConfigured: Requested setting INSTALLED_APPS, but settings are not configured. You must either define the environment variable DJANGO_SETTINGS_MODULE or call settings.configure() before accessing settings.
__________________ ERROR collecting orders/tests/test_api.py __________________
orders\tests\test_api.py:4: in <module>
    from orders import api
orders\api.py:30: in <module>
    from .reception_api import (
orders\reception_api.py:10: in <module>
    from .models import FichierImporte, ActivityLog, NumeroBonCommande, Reception, LigneFichier, round_decimal
orders\models.py:21: in <module>
    class CompensationLetterLog(models.Model):
..\..\..\AppData\Roaming\Python\Python313\site-packages\django\db\models\base.py:131: in __new__
    app_config = apps.get_containing_app_config(module)
                 ^^^^^^^^^^^^^^^^^^^^^^^^^^^^^^^^^^^^^^
..\..\..\AppData\Roaming\Python\Python313\site-packages\django\apps\registry.py:260: in get_containing_app_config
    self.check_apps_ready()
..\..\..\AppData\Roaming\Python\Python313\site-packages\django\apps\registry.py:137: in check_apps_ready
    settings.INSTALLED_APPS
..\..\..\AppData\Roaming\Python\Python313\site-packages\django\conf\__init__.py:81: in __getattr__
    self._setup(name)
..\..\..\AppData\Roaming\Python\Python313\site-packages\django\conf\__init__.py:61: in _setup
    raise ImproperlyConfigured(
E   django.core.exceptions.ImproperlyConfigured: Requested setting INSTALLED_APPS, but settings are not configured. You must either define the environment variable DJANGO_SETTINGS_MODULE or call settings.configure() before accessing settings.
________ ERROR collecting orders/tests/test_compensation_letter_api.py ________
orders\tests\test_compensation_letter_api.py:7: in <module>
    from orders.compensation_letter_api import generate_compensation_letter_api
orders\compensation_letter_api.py:30: in <module>
    from .models import NumeroBonCommande, CompensationLetterLog
orders\models.py:21: in <module>
    class CompensationLetterLog(models.Model):
..\..\..\AppData\Roaming\Python\Python313\site-packages\django\db\models\base.py:131: in __new__
    app_config = apps.get_containing_app_config(module)
                 ^^^^^^^^^^^^^^^^^^^^^^^^^^^^^^^^^^^^^^
..\..\..\AppData\Roaming\Python\Python313\site-packages\django\apps\registry.py:260: in get_containing_app_config
    self.check_apps_ready()
..\..\..\AppData\Roaming\Python\Python313\site-packages\django\apps\registry.py:137: in check_apps_ready
    settings.INSTALLED_APPS
..\..\..\AppData\Roaming\Python\Python313\site-packages\django\conf\__init__.py:81: in __getattr__
    self._setup(name)
..\..\..\AppData\Roaming\Python\Python313\site-packages\django\conf\__init__.py:61: in _setup
    raise ImproperlyConfigured(
E   django.core.exceptions.ImproperlyConfigured: Requested setting INSTALLED_APPS, but settings are not configured. You must either define the environment variable DJANGO_SETTINGS_MODULE or call settings.configure() before accessing settings.
_________ ERROR collecting orders/tests/test_delay_evaluation_api.py __________
orders\tests\test_delay_evaluation_api.py:7: in <module>
    from orders.delay_evaluation_api import generate_delay_evaluation_report_api
orders\delay_evaluation_api.py:29: in <module>
    from .models import NumeroBonCommande, DelayEvaluationReportLog
orders\models.py:21: in <module>
    class CompensationLetterLog(models.Model):
..\..\..\AppData\Roaming\Python\Python313\site-packages\django\db\models\base.py:131: in __new__
    app_config = apps.get_containing_app_config(module)
                 ^^^^^^^^^^^^^^^^^^^^^^^^^^^^^^^^^^^^^^
..\..\..\AppData\Roaming\Python\Python313\site-packages\django\apps\registry.py:260: in get_containing_app_config
    self.check_apps_ready()
..\..\..\AppData\Roaming\Python\Python313\site-packages\django\apps\registry.py:137: in check_apps_ready
    settings.INSTALLED_APPS
..\..\..\AppData\Roaming\Python\Python313\site-packages\django\conf\__init__.py:81: in __getattr__
    self._setup(name)
..\..\..\AppData\Roaming\Python\Python313\site-packages\django\conf\__init__.py:61: in _setup
    raise ImproperlyConfigured(
E   django.core.exceptions.ImproperlyConfigured: Requested setting INSTALLED_APPS, but settings are not configured. You must either define the environment variable DJANGO_SETTINGS_MODULE or call settings.configure() before accessing settings.
_________ ERROR collecting orders/tests/test_delay_evaluation_data.py _________
orders\tests\test_delay_evaluation_data.py:7: in <module>
    from orders.delay_evaluation_data import collect_delay_evaluation_context, CRITERIA_LABELS
orders\delay_evaluation_data.py:24: in <module>
    from .models import NumeroBonCommande, VendorEvaluation
orders\models.py:21: in <module>
    class CompensationLetterLog(models.Model):
..\..\..\AppData\Roaming\Python\Python313\site-packages\django\db\models\base.py:131: in __new__
    app_config = apps.get_containing_app_config(module)
                 ^^^^^^^^^^^^^^^^^^^^^^^^^^^^^^^^^^^^^^
..\..\..\AppData\Roaming\Python\Python313\site-packages\django\apps\registry.py:260: in get_containing_app_config
    self.check_apps_ready()
..\..\..\AppData\Roaming\Python\Python313\site-packages\django\apps\registry.py:137: in check_apps_ready
    settings.INSTALLED_APPS
..\..\..\AppData\Roaming\Python\Python313\site-packages\django\conf\__init__.py:81: in __getattr__
    self._setup(name)
..\..\..\AppData\Roaming\Python\Python313\site-packages\django\conf\__init__.py:61: in _setup
    raise ImproperlyConfigured(
E   django.core.exceptions.ImproperlyConfigured: Requested setting INSTALLED_APPS, but settings are not configured. You must either define the environment variable DJANGO_SETTINGS_MODULE or call settings.configure() before accessing settings.
________________ ERROR collecting orders/tests/test_emails.py _________________
orders\tests\test_emails.py:9: in <module>
    from orders.emails import (
orders\emails.py:23: in <module>
    User = get_user_model()
           ^^^^^^^^^^^^^^^^
..\..\..\AppData\Roaming\Python\Python313\site-packages\django\contrib\auth\__init__.py:283: in get_user_model
    return django_apps.get_model(settings.AUTH_USER_MODEL, require_ready=False)
                                 ^^^^^^^^^^^^^^^^^^^^^^^^
..\..\..\AppData\Roaming\Python\Python313\site-packages\django\conf\__init__.py:81: in __getattr__
    self._setup(name)
..\..\..\AppData\Roaming\Python\Python313\site-packages\django\conf\__init__.py:61: in _setup
    raise ImproperlyConfigured(
E   django.core.exceptions.ImproperlyConfigured: Requested setting AUTH_USER_MODEL, but settings are not configured. You must either define the environment variable DJANGO_SETTINGS_MODULE or call settings.configure() before accessing settings.
_________________ ERROR collecting orders/tests/test_forms.py _________________
orders\tests\test_forms.py:4: in <module>
    from orders.forms import UploadFichierForm
orders\forms.py:15: in <module>
    from .models import FichierImporte
orders\models.py:21: in <module>
    class CompensationLetterLog(models.Model):
..\..\..\AppData\Roaming\Python\Python313\site-packages\django\db\models\base.py:131: in __new__
    app_config = apps.get_containing_app_config(module)
                 ^^^^^^^^^^^^^^^^^^^^^^^^^^^^^^^^^^^^^^
..\..\..\AppData\Roaming\Python\Python313\site-packages\django\apps\registry.py:260: in get_containing_app_config
    self.check_apps_ready()
..\..\..\AppData\Roaming\Python\Python313\site-packages\django\apps\registry.py:137: in check_apps_ready
    settings.INSTALLED_APPS
..\..\..\AppData\Roaming\Python\Python313\site-packages\django\conf\__init__.py:81: in __getattr__
    self._setup(name)
..\..\..\AppData\Roaming\Python\Python313\site-packages\django\conf\__init__.py:61: in _setup
    raise ImproperlyConfigured(
E   django.core.exceptions.ImproperlyConfigured: Requested setting INSTALLED_APPS, but settings are not configured. You must either define the environment variable DJANGO_SETTINGS_MODULE or call settings.configure() before accessing settings.
________________ ERROR collecting orders/tests/test_models.py _________________
orders\tests\test_models.py:11: in <module>
    from orders.models import (
orders\models.py:21: in <module>
    class CompensationLetterLog(models.Model):
..\..\..\AppData\Roaming\Python\Python313\site-packages\django\db\models\base.py:131: in __new__
    app_config = apps.get_containing_app_config(module)
                 ^^^^^^^^^^^^^^^^^^^^^^^^^^^^^^^^^^^^^^
..\..\..\AppData\Roaming\Python\Python313\site-packages\django\apps\registry.py:260: in get_containing_app_config
    self.check_apps_ready()
..\..\..\AppData\Roaming\Python\Python313\site-packages\django\apps\registry.py:137: in check_apps_ready
    settings.INSTALLED_APPS
..\..\..\AppData\Roaming\Python\Python313\site-packages\django\conf\__init__.py:81: in __getattr__
    self._setup(name)
..\..\..\AppData\Roaming\Python\Python313\site-packages\django\conf\__init__.py:61: in _setup
    raise ImproperlyConfigured(
E   django.core.exceptions.ImproperlyConfigured: Requested setting INSTALLED_APPS, but settings are not configured. You must either define the environment variable DJANGO_SETTINGS_MODULE or call settings.configure() before accessing settings.
____________ ERROR collecting orders/tests/test_models_extended.py ____________
orders\tests\test_models_extended.py:8: in <module>
    from orders.models import (
orders\models.py:21: in <module>
    class CompensationLetterLog(models.Model):
..\..\..\AppData\Roaming\Python\Python313\site-packages\django\db\models\base.py:131: in __new__
    app_config = apps.get_containing_app_config(module)
                 ^^^^^^^^^^^^^^^^^^^^^^^^^^^^^^^^^^^^^^
..\..\..\AppData\Roaming\Python\Python313\site-packages\django\apps\registry.py:260: in get_containing_app_config
    self.check_apps_ready()
..\..\..\AppData\Roaming\Python\Python313\site-packages\django\apps\registry.py:137: in check_apps_ready
    settings.INSTALLED_APPS
..\..\..\AppData\Roaming\Python\Python313\site-packages\django\conf\__init__.py:81: in __getattr__
    self._setup(name)
..\..\..\AppData\Roaming\Python\Python313\site-packages\django\conf\__init__.py:61: in _setup
    raise ImproperlyConfigured(
E   django.core.exceptions.ImproperlyConfigured: Requested setting INSTALLED_APPS, but settings are not configured. You must either define the environment variable DJANGO_SETTINGS_MODULE or call settings.configure() before accessing settings.
_______________ ERROR collecting orders/tests/test_msrn_api.py ________________
orders\tests\test_msrn_api.py:10: in <module>
    from orders.models import NumeroBonCommande, MSRNReport, Reception, FichierImporte, LigneFichier
orders\models.py:21: in <module>
    class CompensationLetterLog(models.Model):
..\..\..\AppData\Roaming\Python\Python313\site-packages\django\db\models\base.py:131: in __new__
    app_config = apps.get_containing_app_config(module)
                 ^^^^^^^^^^^^^^^^^^^^^^^^^^^^^^^^^^^^^^
..\..\..\AppData\Roaming\Python\Python313\site-packages\django\apps\registry.py:260: in get_containing_app_config
    self.check_apps_ready()
..\..\..\AppData\Roaming\Python\Python313\site-packages\django\apps\registry.py:137: in check_apps_ready
    settings.INSTALLED_APPS
..\..\..\AppData\Roaming\Python\Python313\site-packages\django\conf\__init__.py:81: in __getattr__
    self._setup(name)
..\..\..\AppData\Roaming\Python\Python313\site-packages\django\conf\__init__.py:61: in _setup
    raise ImproperlyConfigured(
E   django.core.exceptions.ImproperlyConfigured: Requested setting INSTALLED_APPS, but settings are not configured. You must either define the environment variable DJANGO_SETTINGS_MODULE or call settings.configure() before accessing settings.
_________ ERROR collecting orders/tests/test_penalty_amendment_api.py _________
orders\tests\test_penalty_amendment_api.py:11: in <module>
    from orders.models import NumeroBonCommande, TimelineDelay
orders\models.py:21: in <module>
    class CompensationLetterLog(models.Model):
..\..\..\AppData\Roaming\Python\Python313\site-packages\django\db\models\base.py:131: in __new__
    app_config = apps.get_containing_app_config(module)
                 ^^^^^^^^^^^^^^^^^^^^^^^^^^^^^^^^^^^^^^
..\..\..\AppData\Roaming\Python\Python313\site-packages\django\apps\registry.py:260: in get_containing_app_config
    self.check_apps_ready()
..\..\..\AppData\Roaming\Python\Python313\site-packages\django\apps\registry.py:137: in check_apps_ready
    settings.INSTALLED_APPS
..\..\..\AppData\Roaming\Python\Python313\site-packages\django\conf\__init__.py:81: in __getattr__
    self._setup(name)
..\..\..\AppData\Roaming\Python\Python313\site-packages\django\conf\__init__.py:61: in _setup
    raise ImproperlyConfigured(
E   django.core.exceptions.ImproperlyConfigured: Requested setting INSTALLED_APPS, but settings are not configured. You must either define the environment variable DJANGO_SETTINGS_MODULE or call settings.configure() before accessing settings.
________ ERROR collecting orders/tests/test_penalty_amendment_data.py _________
orders\tests\test_penalty_amendment_data.py:4: in <module>
    from orders.models import NumeroBonCommande
orders\models.py:21: in <module>
    class CompensationLetterLog(models.Model):
..\..\..\AppData\Roaming\Python\Python313\site-packages\django\db\models\base.py:131: in __new__
    app_config = apps.get_containing_app_config(module)
                 ^^^^^^^^^^^^^^^^^^^^^^^^^^^^^^^^^^^^^^
..\..\..\AppData\Roaming\Python\Python313\site-packages\django\apps\registry.py:260: in get_containing_app_config
    self.check_apps_ready()
..\..\..\AppData\Roaming\Python\Python313\site-packages\django\apps\registry.py:137: in check_apps_ready
    settings.INSTALLED_APPS
..\..\..\AppData\Roaming\Python\Python313\site-packages\django\conf\__init__.py:81: in __getattr__
    self._setup(name)
..\..\..\AppData\Roaming\Python\Python313\site-packages\django\conf\__init__.py:61: in _setup
    raise ImproperlyConfigured(
E   django.core.exceptions.ImproperlyConfigured: Requested setting INSTALLED_APPS, but settings are not configured. You must either define the environment variable DJANGO_SETTINGS_MODULE or call settings.configure() before accessing settings.
__________ ERROR collecting orders/tests/test_penalty_amount_api.py ___________
orders\tests\test_penalty_amount_api.py:7: in <module>
    from orders.models import NumeroBonCommande
orders\models.py:21: in <module>
    class CompensationLetterLog(models.Model):
..\..\..\AppData\Roaming\Python\Python313\site-packages\django\db\models\base.py:131: in __new__
    app_config = apps.get_containing_app_config(module)
                 ^^^^^^^^^^^^^^^^^^^^^^^^^^^^^^^^^^^^^^
..\..\..\AppData\Roaming\Python\Python313\site-packages\django\apps\registry.py:260: in get_containing_app_config
    self.check_apps_ready()
..\..\..\AppData\Roaming\Python\Python313\site-packages\django\apps\registry.py:137: in check_apps_ready
    settings.INSTALLED_APPS
..\..\..\AppData\Roaming\Python\Python313\site-packages\django\conf\__init__.py:81: in __getattr__
    self._setup(name)
..\..\..\AppData\Roaming\Python\Python313\site-packages\django\conf\__init__.py:61: in _setup
    raise ImproperlyConfigured(
E   django.core.exceptions.ImproperlyConfigured: Requested setting INSTALLED_APPS, but settings are not configured. You must either define the environment variable DJANGO_SETTINGS_MODULE or call settings.configure() before accessing settings.
______________ ERROR collecting orders/tests/test_penalty_api.py ______________
orders\tests\test_penalty_api.py:8: in <module>
    from orders.models import NumeroBonCommande, TimelineDelay
orders\models.py:21: in <module>
    class CompensationLetterLog(models.Model):
..\..\..\AppData\Roaming\Python\Python313\site-packages\django\db\models\base.py:131: in __new__
    app_config = apps.get_containing_app_config(module)
                 ^^^^^^^^^^^^^^^^^^^^^^^^^^^^^^^^^^^^^^
..\..\..\AppData\Roaming\Python\Python313\site-packages\django\apps\registry.py:260: in get_containing_app_config
    self.check_apps_ready()
..\..\..\AppData\Roaming\Python\Python313\site-packages\django\apps\registry.py:137: in check_apps_ready
    settings.INSTALLED_APPS
..\..\..\AppData\Roaming\Python\Python313\site-packages\django\conf\__init__.py:81: in __getattr__
    self._setup(name)
..\..\..\AppData\Roaming\Python\Python313\site-packages\django\conf\__init__.py:61: in _setup
    raise ImproperlyConfigured(
E   django.core.exceptions.ImproperlyConfigured: Requested setting INSTALLED_APPS, but settings are not configured. You must either define the environment variable DJANGO_SETTINGS_MODULE or call settings.configure() before accessing settings.
_____________ ERROR collecting orders/tests/test_penalty_data.py ______________
orders\tests\test_penalty_data.py:6: in <module>
    from orders.models import NumeroBonCommande, FichierImporte, LigneFichier, TimelineDelay
orders\models.py:21: in <module>
    class CompensationLetterLog(models.Model):
..\..\..\AppData\Roaming\Python\Python313\site-packages\django\db\models\base.py:131: in __new__
    app_config = apps.get_containing_app_config(module)
                 ^^^^^^^^^^^^^^^^^^^^^^^^^^^^^^^^^^^^^^
..\..\..\AppData\Roaming\Python\Python313\site-packages\django\apps\registry.py:260: in get_containing_app_config
    self.check_apps_ready()
..\..\..\AppData\Roaming\Python\Python313\site-packages\django\apps\registry.py:137: in check_apps_ready
    settings.INSTALLED_APPS
..\..\..\AppData\Roaming\Python\Python313\site-packages\django\conf\__init__.py:81: in __getattr__
    self._setup(name)
..\..\..\AppData\Roaming\Python\Python313\site-packages\django\conf\__init__.py:61: in _setup
    raise ImproperlyConfigured(
E   django.core.exceptions.ImproperlyConfigured: Requested setting INSTALLED_APPS, but settings are not configured. You must either define the environment variable DJANGO_SETTINGS_MODULE or call settings.configure() before accessing settings.
____________ ERROR collecting orders/tests/test_penalty_report.py _____________
orders\tests\test_penalty_report.py:7: in <module>
    from orders.models import NumeroBonCommande
orders\models.py:21: in <module>
    class CompensationLetterLog(models.Model):
..\..\..\AppData\Roaming\Python\Python313\site-packages\django\db\models\base.py:131: in __new__
    app_config = apps.get_containing_app_config(module)
                 ^^^^^^^^^^^^^^^^^^^^^^^^^^^^^^^^^^^^^^
..\..\..\AppData\Roaming\Python\Python313\site-packages\django\apps\registry.py:260: in get_containing_app_config
    self.check_apps_ready()
..\..\..\AppData\Roaming\Python\Python313\site-packages\django\apps\registry.py:137: in check_apps_ready
    settings.INSTALLED_APPS
..\..\..\AppData\Roaming\Python\Python313\site-packages\django\conf\__init__.py:81: in __getattr__
    self._setup(name)
..\..\..\AppData\Roaming\Python\Python313\site-packages\django\conf\__init__.py:61: in _setup
    raise ImproperlyConfigured(
E   django.core.exceptions.ImproperlyConfigured: Requested setting INSTALLED_APPS, but settings are not configured. You must either define the environment variable DJANGO_SETTINGS_MODULE or call settings.configure() before accessing settings.
_____________ ERROR collecting orders/tests/test_reception_api.py _____________
orders\tests\test_reception_api.py:11: in <module>
    from orders.models import FichierImporte, ActivityLog, NumeroBonCommande, Reception, LigneFichier
orders\models.py:21: in <module>
    class CompensationLetterLog(models.Model):
..\..\..\AppData\Roaming\Python\Python313\site-packages\django\db\models\base.py:131: in __new__
    app_config = apps.get_containing_app_config(module)
                 ^^^^^^^^^^^^^^^^^^^^^^^^^^^^^^^^^^^^^^
..\..\..\AppData\Roaming\Python\Python313\site-packages\django\apps\registry.py:260: in get_containing_app_config
    self.check_apps_ready()
..\..\..\AppData\Roaming\Python\Python313\site-packages\django\apps\registry.py:137: in check_apps_ready
    settings.INSTALLED_APPS
..\..\..\AppData\Roaming\Python\Python313\site-packages\django\conf\__init__.py:81: in __getattr__
    self._setup(name)
..\..\..\AppData\Roaming\Python\Python313\site-packages\django\conf\__init__.py:61: in _setup
    raise ImproperlyConfigured(
E   django.core.exceptions.ImproperlyConfigured: Requested setting INSTALLED_APPS, but settings are not configured. You must either define the environment variable DJANGO_SETTINGS_MODULE or call settings.configure() before accessing settings.
________________ ERROR collecting orders/tests/test_reports.py ________________
orders\tests\test_reports.py:7: in <module>
    from orders.models import NumeroBonCommande, MSRNReport, Reception, FichierImporte, LigneFichier
orders\models.py:21: in <module>
    class CompensationLetterLog(models.Model):
..\..\..\AppData\Roaming\Python\Python313\site-packages\django\db\models\base.py:131: in __new__
    app_config = apps.get_containing_app_config(module)
                 ^^^^^^^^^^^^^^^^^^^^^^^^^^^^^^^^^^^^^^
..\..\..\AppData\Roaming\Python\Python313\site-packages\django\apps\registry.py:260: in get_containing_app_config
    self.check_apps_ready()
..\..\..\AppData\Roaming\Python\Python313\site-packages\django\apps\registry.py:137: in check_apps_ready
    settings.INSTALLED_APPS
..\..\..\AppData\Roaming\Python\Python313\site-packages\django\conf\__init__.py:81: in __getattr__
    self._setup(name)
..\..\..\AppData\Roaming\Python\Python313\site-packages\django\conf\__init__.py:61: in _setup
    raise ImproperlyConfigured(
E   django.core.exceptions.ImproperlyConfigured: Requested setting INSTALLED_APPS, but settings are not configured. You must either define the environment variable DJANGO_SETTINGS_MODULE or call settings.configure() before accessing settings.
________________ ERROR collecting orders/tests/test_signals.py ________________
orders\tests\test_signals.py:4: in <module>
    from orders.models import NumeroBonCommande, FichierImporte, Reception
orders\models.py:21: in <module>
    class CompensationLetterLog(models.Model):
..\..\..\AppData\Roaming\Python\Python313\site-packages\django\db\models\base.py:131: in __new__
    app_config = apps.get_containing_app_config(module)
                 ^^^^^^^^^^^^^^^^^^^^^^^^^^^^^^^^^^^^^^
..\..\..\AppData\Roaming\Python\Python313\site-packages\django\apps\registry.py:260: in get_containing_app_config
    self.check_apps_ready()
..\..\..\AppData\Roaming\Python\Python313\site-packages\django\apps\registry.py:137: in check_apps_ready
    settings.INSTALLED_APPS
..\..\..\AppData\Roaming\Python\Python313\site-packages\django\conf\__init__.py:81: in __getattr__
    self._setup(name)
..\..\..\AppData\Roaming\Python\Python313\site-packages\django\conf\__init__.py:61: in _setup
    raise ImproperlyConfigured(
E   django.core.exceptions.ImproperlyConfigured: Requested setting INSTALLED_APPS, but settings are not configured. You must either define the environment variable DJANGO_SETTINGS_MODULE or call settings.configure() before accessing settings.
______________ ERROR collecting orders/tests/test_target_rate.py ______________
orders\tests\test_target_rate.py:5: in <module>
    from orders.models import FichierImporte, NumeroBonCommande, Reception, LigneFichier, round_decimal
orders\models.py:21: in <module>
    class CompensationLetterLog(models.Model):
..\..\..\AppData\Roaming\Python\Python313\site-packages\django\db\models\base.py:131: in __new__
    app_config = apps.get_containing_app_config(module)
                 ^^^^^^^^^^^^^^^^^^^^^^^^^^^^^^^^^^^^^^
..\..\..\AppData\Roaming\Python\Python313\site-packages\django\apps\registry.py:260: in get_containing_app_config
    self.check_apps_ready()
..\..\..\AppData\Roaming\Python\Python313\site-packages\django\apps\registry.py:137: in check_apps_ready
    settings.INSTALLED_APPS
..\..\..\AppData\Roaming\Python\Python313\site-packages\django\conf\__init__.py:81: in __getattr__
    self._setup(name)
..\..\..\AppData\Roaming\Python\Python313\site-packages\django\conf\__init__.py:61: in _setup
    raise ImproperlyConfigured(
E   django.core.exceptions.ImproperlyConfigured: Requested setting INSTALLED_APPS, but settings are not configured. You must either define the environment variable DJANGO_SETTINGS_MODULE or call settings.configure() before accessing settings.
____________ ERROR collecting orders/tests/test_task_status_api.py ____________
orders\tests\test_task_status_api.py:17: in <module>
    User = get_user_model()
           ^^^^^^^^^^^^^^^^
..\..\..\AppData\Roaming\Python\Python313\site-packages\django\contrib\auth\__init__.py:283: in get_user_model
    return django_apps.get_model(settings.AUTH_USER_MODEL, require_ready=False)
                                 ^^^^^^^^^^^^^^^^^^^^^^^^
..\..\..\AppData\Roaming\Python\Python313\site-packages\django\conf\__init__.py:81: in __getattr__
    self._setup(name)
..\..\..\AppData\Roaming\Python\Python313\site-packages\django\conf\__init__.py:61: in _setup
    raise ImproperlyConfigured(
E   django.core.exceptions.ImproperlyConfigured: Requested setting AUTH_USER_MODEL, but settings are not configured. You must either define the environment variable DJANGO_SETTINGS_MODULE or call settings.configure() before accessing settings.
_________________ ERROR collecting orders/tests/test_tasks.py _________________
orders\tests\test_tasks.py:29: in <module>
    from orders.models import (
orders\models.py:21: in <module>
    class CompensationLetterLog(models.Model):
..\..\..\AppData\Roaming\Python\Python313\site-packages\django\db\models\base.py:131: in __new__
    app_config = apps.get_containing_app_config(module)
                 ^^^^^^^^^^^^^^^^^^^^^^^^^^^^^^^^^^^^^^
..\..\..\AppData\Roaming\Python\Python313\site-packages\django\apps\registry.py:260: in get_containing_app_config
    self.check_apps_ready()
..\..\..\AppData\Roaming\Python\Python313\site-packages\django\apps\registry.py:137: in check_apps_ready
    settings.INSTALLED_APPS
..\..\..\AppData\Roaming\Python\Python313\site-packages\django\conf\__init__.py:81: in __getattr__
    self._setup(name)
..\..\..\AppData\Roaming\Python\Python313\site-packages\django\conf\__init__.py:61: in _setup
    raise ImproperlyConfigured(
E   django.core.exceptions.ImproperlyConfigured: Requested setting INSTALLED_APPS, but settings are not configured. You must either define the environment variable DJANGO_SETTINGS_MODULE or call settings.configure() before accessing settings.
_________________ ERROR collecting orders/tests/test_urls.py __________________
orders\tests\test_urls.py:4: in <module>
    from orders import views, views_export, api, reception_api, msrn_api, penalty_api
orders\views.py:23: in <module>
    from .models import (
orders\models.py:21: in <module>
    class CompensationLetterLog(models.Model):
..\..\..\AppData\Roaming\Python\Python313\site-packages\django\db\models\base.py:131: in __new__
    app_config = apps.get_containing_app_config(module)
                 ^^^^^^^^^^^^^^^^^^^^^^^^^^^^^^^^^^^^^^
..\..\..\AppData\Roaming\Python\Python313\site-packages\django\apps\registry.py:260: in get_containing_app_config
    self.check_apps_ready()
..\..\..\AppData\Roaming\Python\Python313\site-packages\django\apps\registry.py:137: in check_apps_ready
    settings.INSTALLED_APPS
..\..\..\AppData\Roaming\Python\Python313\site-packages\django\conf\__init__.py:81: in __getattr__
    self._setup(name)
..\..\..\AppData\Roaming\Python\Python313\site-packages\django\conf\__init__.py:61: in _setup
    raise ImproperlyConfigured(
E   django.core.exceptions.ImproperlyConfigured: Requested setting INSTALLED_APPS, but settings are not configured. You must either define the environment variable DJANGO_SETTINGS_MODULE or call settings.configure() before accessing settings.
____________ ERROR collecting orders/tests/test_urls_analytics.py _____________
orders\tests\test_urls_analytics.py:4: in <module>
    from orders import analytics_api
orders\analytics_api.py:21: in <module>
    from .models import ActivityLog, NumeroBonCommande, Reception
orders\models.py:21: in <module>
    class CompensationLetterLog(models.Model):
..\..\..\AppData\Roaming\Python\Python313\site-packages\django\db\models\base.py:131: in __new__
    app_config = apps.get_containing_app_config(module)
                 ^^^^^^^^^^^^^^^^^^^^^^^^^^^^^^^^^^^^^^
..\..\..\AppData\Roaming\Python\Python313\site-packages\django\apps\registry.py:260: in get_containing_app_config
    self.check_apps_ready()
..\..\..\AppData\Roaming\Python\Python313\site-packages\django\apps\registry.py:137: in check_apps_ready
    settings.INSTALLED_APPS
..\..\..\AppData\Roaming\Python\Python313\site-packages\django\conf\__init__.py:81: in __getattr__
    self._setup(name)
..\..\..\AppData\Roaming\Python\Python313\site-packages\django\conf\__init__.py:61: in _setup
    raise ImproperlyConfigured(
E   django.core.exceptions.ImproperlyConfigured: Requested setting INSTALLED_APPS, but settings are not configured. You must either define the environment variable DJANGO_SETTINGS_MODULE or call settings.configure() before accessing settings.
_________________ ERROR collecting orders/tests/test_views.py _________________
orders\tests\test_views.py:15: in <module>
    from orders.models import (
orders\models.py:21: in <module>
    class CompensationLetterLog(models.Model):
..\..\..\AppData\Roaming\Python\Python313\site-packages\django\db\models\base.py:131: in __new__
    app_config = apps.get_containing_app_config(module)
                 ^^^^^^^^^^^^^^^^^^^^^^^^^^^^^^^^^^^^^^
..\..\..\AppData\Roaming\Python\Python313\site-packages\django\apps\registry.py:260: in get_containing_app_config
    self.check_apps_ready()
..\..\..\AppData\Roaming\Python\Python313\site-packages\django\apps\registry.py:137: in check_apps_ready
    settings.INSTALLED_APPS
..\..\..\AppData\Roaming\Python\Python313\site-packages\django\conf\__init__.py:81: in __getattr__
    self._setup(name)
..\..\..\AppData\Roaming\Python\Python313\site-packages\django\conf\__init__.py:61: in _setup
    raise ImproperlyConfigured(
E   django.core.exceptions.ImproperlyConfigured: Requested setting INSTALLED_APPS, but settings are not configured. You must either define the environment variable DJANGO_SETTINGS_MODULE or call settings.configure() before accessing settings.
_____________ ERROR collecting orders/tests/test_views_export.py ______________
orders\tests\test_views_export.py:12: in <module>
    from orders.models import (
orders\models.py:21: in <module>
    class CompensationLetterLog(models.Model):
..\..\..\AppData\Roaming\Python\Python313\site-packages\django\db\models\base.py:131: in __new__
    app_config = apps.get_containing_app_config(module)
                 ^^^^^^^^^^^^^^^^^^^^^^^^^^^^^^^^^^^^^^
..\..\..\AppData\Roaming\Python\Python313\site-packages\django\apps\registry.py:260: in get_containing_app_config
    self.check_apps_ready()
..\..\..\AppData\Roaming\Python\Python313\site-packages\django\apps\registry.py:137: in check_apps_ready
    settings.INSTALLED_APPS
..\..\..\AppData\Roaming\Python\Python313\site-packages\django\conf\__init__.py:81: in __getattr__
    self._setup(name)
..\..\..\AppData\Roaming\Python\Python313\site-packages\django\conf\__init__.py:61: in _setup
    raise ImproperlyConfigured(
E   django.core.exceptions.ImproperlyConfigured: Requested setting INSTALLED_APPS, but settings are not configured. You must either define the environment variable DJANGO_SETTINGS_MODULE or call settings.configure() before accessing settings.
________________________ ERROR collecting users/tests _________________________
C:\Program Files\Python313\Lib\importlib\__init__.py:88: in import_module
    return _bootstrap._gcd_import(name[level:], package, level)
           ^^^^^^^^^^^^^^^^^^^^^^^^^^^^^^^^^^^^^^^^^^^^^^^^^^^^
<frozen importlib._bootstrap>:1387: in _gcd_import
    ???
<frozen importlib._bootstrap>:1360: in _find_and_load
    ???
<frozen importlib._bootstrap>:1331: in _find_and_load_unlocked
    ???
<frozen importlib._bootstrap>:935: in _load_unlocked
    ???
..\..\..\AppData\Roaming\Python\Python313\site-packages\_pytest\assertion\rewrite.py:197: in exec_module
    exec(co, module.__dict__)
users\tests\conftest.py:10: in <module>
    User = get_user_model()
           ^^^^^^^^^^^^^^^^
..\..\..\AppData\Roaming\Python\Python313\site-packages\django\contrib\auth\__init__.py:283: in get_user_model
    return django_apps.get_model(settings.AUTH_USER_MODEL, require_ready=False)
                                 ^^^^^^^^^^^^^^^^^^^^^^^^
..\..\..\AppData\Roaming\Python\Python313\site-packages\django\conf\__init__.py:81: in __getattr__
    self._setup(name)
..\..\..\AppData\Roaming\Python\Python313\site-packages\django\conf\__init__.py:61: in _setup
    raise ImproperlyConfigured(
E   django.core.exceptions.ImproperlyConfigured: Requested setting AUTH_USER_MODEL, but settings are not configured. You must either define the environment variable DJANGO_SETTINGS_MODULE or call settings.configure() before accessing settings.
============================== warnings summary ===============================
..\..\..\AppData\Roaming\Python\Python313\site-packages\_pytest\config\__init__.py:1397
  C:\Users\Lenovo\AppData\Roaming\Python\Python313\site-packages\_pytest\config\__init__.py:1397: PytestConfigWarning: Unknown config option: DJANGO_SETTINGS_MODULE
  
    self._warn_or_fail_if_strict(f"Unknown config option: {key}\n")

orders\tests\test_analytics_api.py:6
  C:\Users\Lenovo\CascadeProjects\msrn\report\orders\tests\test_analytics_api.py:6: PytestUnknownMarkWarning: Unknown pytest.mark.django_db - is this a typo?  You can register custom marks to avoid this warning - for details, see https://docs.pytest.org/en/stable/how-to/mark.html
    @pytest.mark.django_db

orders\tests\test_analytics_api.py:18
  C:\Users\Lenovo\CascadeProjects\msrn\report\orders\tests\test_analytics_api.py:18: PytestUnknownMarkWarning: Unknown pytest.mark.django_db - is this a typo?  You can register custom marks to avoid this warning - for details, see https://docs.pytest.org/en/stable/how-to/mark.html
    @pytest.mark.django_db

orders\tests\test_penalty_amendment_report.py:4
  C:\Users\Lenovo\CascadeProjects\msrn\report\orders\tests\test_penalty_amendment_report.py:4: PytestUnknownMarkWarning: Unknown pytest.mark.django_db - is this a typo?  You can register custom marks to avoid this warning - for details, see https://docs.pytest.org/en/stable/how-to/mark.html
    @pytest.mark.django_db

-- Docs: https://docs.pytest.org/en/stable/how-to/capture-warnings.html
=========================== short test summary info ===========================
ERROR orders/management/commands/test_email.py - django.core.exceptions.Impro...
ERROR orders/tests/test_activity_api.py - django.core.exceptions.ImproperlyCo...
ERROR orders/tests/test_admin.py - django.core.exceptions.ImproperlyConfigure...
ERROR orders/tests/test_api.py - django.core.exceptions.ImproperlyConfigured:...
ERROR orders/tests/test_compensation_letter_api.py - django.core.exceptions.I...
ERROR orders/tests/test_delay_evaluation_api.py - django.core.exceptions.Impr...
ERROR orders/tests/test_delay_evaluation_data.py - django.core.exceptions.Imp...
ERROR orders/tests/test_emails.py - django.core.exceptions.ImproperlyConfigur...
ERROR orders/tests/test_forms.py - django.core.exceptions.ImproperlyConfigure...
ERROR orders/tests/test_models.py - django.core.exceptions.ImproperlyConfigur...
ERROR orders/tests/test_models_extended.py - django.core.exceptions.Improperl...
ERROR orders/tests/test_msrn_api.py - django.core.exceptions.ImproperlyConfig...
ERROR orders/tests/test_penalty_amendment_api.py - django.core.exceptions.Imp...
ERROR orders/tests/test_penalty_amendment_data.py - django.core.exceptions.Im...
ERROR orders/tests/test_penalty_amount_api.py - django.core.exceptions.Improp...
ERROR orders/tests/test_penalty_api.py - django.core.exceptions.ImproperlyCon...
ERROR orders/tests/test_penalty_data.py - django.core.exceptions.ImproperlyCo...
ERROR orders/tests/test_penalty_report.py - django.core.exceptions.Improperly...
ERROR orders/tests/test_reception_api.py - django.core.exceptions.ImproperlyC...
ERROR orders/tests/test_reports.py - django.core.exceptions.ImproperlyConfigu...
ERROR orders/tests/test_signals.py - django.core.exceptions.ImproperlyConfigu...
ERROR orders/tests/test_target_rate.py - django.core.exceptions.ImproperlyCon...
ERROR orders/tests/test_task_status_api.py - django.core.exceptions.Improperl...
ERROR orders/tests/test_tasks.py - django.core.exceptions.ImproperlyConfigure...
ERROR orders/tests/test_urls.py - django.core.exceptions.ImproperlyConfigured...
ERROR orders/tests/test_urls_analytics.py - django.core.exceptions.Improperly...
ERROR orders/tests/test_views.py - django.core.exceptions.ImproperlyConfigure...
ERROR orders/tests/test_views_export.py - django.core.exceptions.ImproperlyCo...
ERROR users/tests - django.core.exceptions.ImproperlyConfigured: Requested se...
!!!!!!!!!!!!!!!!!! Interrupted: 29 errors during collection !!!!!!!!!!!!!!!!!!!
=================== 91 tests collected, 29 errors in 7.61s ====================
